<?xml version="1.0" encoding="UTF-8"?>
<testng-results skipped="0" failed="1" ignored="0" total="1" passed="0">
  <reporter-output>
  </reporter-output>
  <suite name="Default suite" duration-ms="493044" started-at="2019-01-28T07:22:01Z" finished-at="2019-01-28T07:30:14Z">
    <groups>
    </groups>
    <test name="Default test" duration-ms="493044" started-at="2019-01-28T07:22:01Z" finished-at="2019-01-28T07:30:14Z">
      <class name="com.farmrise.test.FarmRise">
        <test-method status="PASS" signature="setupReport()[pri:0, instance:com.farmrise.test.FarmRise@3bb9a3ff]" name="setupReport" is-config="true" duration-ms="220" started-at="2019-01-28T07:22:00Z" finished-at="2019-01-28T07:22:01Z">
          <reporter-output>
          </reporter-output>
        </test-method> <!-- setupReport -->
        <test-method status="PASS" signature="beforeMethod()[pri:0, instance:com.farmrise.test.FarmRise@3bb9a3ff]" name="beforeMethod" is-config="true" duration-ms="67683" started-at="2019-01-28T07:22:01Z" finished-at="2019-01-28T07:23:08Z">
          <reporter-output>
          </reporter-output>
        </test-method> <!-- beforeMethod -->
        <test-method status="FAIL" signature="verify_MoreTab()[pri:0, instance:com.farmrise.test.FarmRise@3bb9a3ff]" name="verify_MoreTab" duration-ms="425329" started-at="2019-01-28T07:23:08Z" finished-at="2019-01-28T07:30:14Z">
          <exception class="org.openqa.selenium.NoSuchElementException">
            <message>
              <![CDATA[An element could not be located on the page using the given search parameters. (WARNING: The server did not provide any stacktrace information)
Command duration or timeout: 0 milliseconds
For documentation on this error, please visit: https://www.seleniumhq.org/exceptions/no_such_element.html
Build info: version: '3.141.59', revision: 'e82be7d358', time: '2018-11-14T08:17:03'
System info: host: 'liciouss-MacBook-Air-2.local', ip: '2409:4071:2088:d8ca:4d4e:fd16:ae2c:1fa3%en0', os.name: 'Mac OS X', os.arch: 'x86_64', os.version: '10.13.6', java.version: '1.8.0_181'
Driver info: io.appium.java_client.android.AndroidDriver
Capabilities {app: /Users/deepa/eclipse-worksp..., appActivity: com.climate.farmrise.Splash..., appPackage: com.climate.farmrise, autoAcceptAlerts: true, autoGrantPermissions: true, automationName: uiautomater2, databaseEnabled: false, desired: {app: /Users/deepa/eclipse-worksp..., appActivity: com.climate.farmrise.Splash..., appPackage: com.climate.farmrise, autoAcceptAlerts: true, autoGrantPermissions: true, automationName: uiautomater2, device: T03850CEE4, deviceName: Moto E, platformName: Android, platformVersion: 6.0, resetKeyboard: true, unicodeKeyboard: true}, device: T03850CEE4, deviceManufacturer: motorola, deviceModel: MotoE2(4G-LTE), deviceName: T03850CEE4, deviceScreenSize: 540x960, deviceUDID: T03850CEE4, javascriptEnabled: true, locationContextEnabled: false, networkConnectionEnabled: true, platform: LINUX, platformName: LINUX, platformVersion: 6.0, resetKeyboard: true, takesScreenshot: true, unicodeKeyboard: true, warnings: {}, webStorageEnabled: false}
Session ID: 8bb4c1a2-7f4b-4a03-945c-b14fa529113b
*** Element info: {Using=id, value=android:id/search_button}]]>
            </message>
            <full-stacktrace>
              <![CDATA[org.openqa.selenium.NoSuchElementException: An element could not be located on the page using the given search parameters. (WARNING: The server did not provide any stacktrace information)
Command duration or timeout: 0 milliseconds
For documentation on this error, please visit: https://www.seleniumhq.org/exceptions/no_such_element.html
Build info: version: '3.141.59', revision: 'e82be7d358', time: '2018-11-14T08:17:03'
System info: host: 'liciouss-MacBook-Air-2.local', ip: '2409:4071:2088:d8ca:4d4e:fd16:ae2c:1fa3%en0', os.name: 'Mac OS X', os.arch: 'x86_64', os.version: '10.13.6', java.version: '1.8.0_181'
Driver info: io.appium.java_client.android.AndroidDriver
Capabilities {app: /Users/deepa/eclipse-worksp..., appActivity: com.climate.farmrise.Splash..., appPackage: com.climate.farmrise, autoAcceptAlerts: true, autoGrantPermissions: true, automationName: uiautomater2, databaseEnabled: false, desired: {app: /Users/deepa/eclipse-worksp..., appActivity: com.climate.farmrise.Splash..., appPackage: com.climate.farmrise, autoAcceptAlerts: true, autoGrantPermissions: true, automationName: uiautomater2, device: T03850CEE4, deviceName: Moto E, platformName: Android, platformVersion: 6.0, resetKeyboard: true, unicodeKeyboard: true}, device: T03850CEE4, deviceManufacturer: motorola, deviceModel: MotoE2(4G-LTE), deviceName: T03850CEE4, deviceScreenSize: 540x960, deviceUDID: T03850CEE4, javascriptEnabled: true, locationContextEnabled: false, networkConnectionEnabled: true, platform: LINUX, platformName: LINUX, platformVersion: 6.0, resetKeyboard: true, takesScreenshot: true, unicodeKeyboard: true, warnings: {}, webStorageEnabled: false}
Session ID: 8bb4c1a2-7f4b-4a03-945c-b14fa529113b
*** Element info: {Using=id, value=android:id/search_button}
at sun.reflect.NativeConstructorAccessorImpl.newInstance0(Native Method)
at sun.reflect.NativeConstructorAccessorImpl.newInstance(NativeConstructorAccessorImpl.java:62)
at sun.reflect.DelegatingConstructorAccessorImpl.newInstance(DelegatingConstructorAccessorImpl.java:45)
at java.lang.reflect.Constructor.newInstance(Constructor.java:423)
at org.openqa.selenium.remote.ErrorHandler.createThrowable(ErrorHandler.java:214)
at org.openqa.selenium.remote.ErrorHandler.throwIfResponseFailed(ErrorHandler.java:166)
at org.openqa.selenium.remote.http.JsonHttpResponseCodec.reconstructValue(JsonHttpResponseCodec.java:40)
at org.openqa.selenium.remote.http.AbstractHttpResponseCodec.decode(AbstractHttpResponseCodec.java:80)
at org.openqa.selenium.remote.http.AbstractHttpResponseCodec.decode(AbstractHttpResponseCodec.java:44)
at org.openqa.selenium.remote.HttpCommandExecutor.execute(HttpCommandExecutor.java:158)
at io.appium.java_client.remote.AppiumCommandExecutor.execute(AppiumCommandExecutor.java:218)
at org.openqa.selenium.remote.RemoteWebDriver.execute(RemoteWebDriver.java:552)
at io.appium.java_client.DefaultGenericMobileDriver.execute(DefaultGenericMobileDriver.java:42)
at io.appium.java_client.AppiumDriver.execute(AppiumDriver.java:1)
at io.appium.java_client.android.AndroidDriver.execute(AndroidDriver.java:1)
at org.openqa.selenium.remote.RemoteWebDriver.findElement(RemoteWebDriver.java:323)
at io.appium.java_client.DefaultGenericMobileDriver.findElement(DefaultGenericMobileDriver.java:62)
at io.appium.java_client.AppiumDriver.findElement(AppiumDriver.java:1)
at io.appium.java_client.android.AndroidDriver.findElement(AndroidDriver.java:1)
at org.openqa.selenium.remote.RemoteWebDriver.findElementById(RemoteWebDriver.java:372)
at io.appium.java_client.DefaultGenericMobileDriver.findElementById(DefaultGenericMobileDriver.java:70)
at io.appium.java_client.AppiumDriver.findElementById(AppiumDriver.java:1)
at io.appium.java_client.android.AndroidDriver.findElementById(AndroidDriver.java:1)
at com.farmrise.pom.HomePage_FarmRise.verifyMoreScreenTest(HomePage_FarmRise.java:120)
at com.farmrise.test.FarmRise.verify_MoreTab(FarmRise.java:33)
at sun.reflect.NativeMethodAccessorImpl.invoke0(Native Method)
at sun.reflect.NativeMethodAccessorImpl.invoke(NativeMethodAccessorImpl.java:62)
at sun.reflect.DelegatingMethodAccessorImpl.invoke(DelegatingMethodAccessorImpl.java:43)
at java.lang.reflect.Method.invoke(Method.java:498)
at org.testng.internal.MethodInvocationHelper.invokeMethod(MethodInvocationHelper.java:124)
at org.testng.internal.Invoker.invokeMethod(Invoker.java:580)
at org.testng.internal.Invoker.invokeTestMethod(Invoker.java:716)
at org.testng.internal.Invoker.invokeTestMethods(Invoker.java:988)
at org.testng.internal.TestMethodWorker.invokeTestMethods(TestMethodWorker.java:125)
at org.testng.internal.TestMethodWorker.run(TestMethodWorker.java:109)
at org.testng.TestRunner.privateRun(TestRunner.java:648)
at org.testng.TestRunner.run(TestRunner.java:505)
at org.testng.SuiteRunner.runTest(SuiteRunner.java:455)
at org.testng.SuiteRunner.runSequentially(SuiteRunner.java:450)
at org.testng.SuiteRunner.privateRun(SuiteRunner.java:415)
at org.testng.SuiteRunner.run(SuiteRunner.java:364)
at org.testng.SuiteRunnerWorker.runSuite(SuiteRunnerWorker.java:52)
at org.testng.SuiteRunnerWorker.run(SuiteRunnerWorker.java:84)
at org.testng.TestNG.runSuitesSequentially(TestNG.java:1208)
at org.testng.TestNG.runSuitesLocally(TestNG.java:1137)
at org.testng.TestNG.runSuites(TestNG.java:1049)
at org.testng.TestNG.run(TestNG.java:1017)
at org.testng.remote.AbstractRemoteTestNG.run(AbstractRemoteTestNG.java:114)
at org.testng.remote.RemoteTestNG.initAndRun(RemoteTestNG.java:251)
at org.testng.remote.RemoteTestNG.main(RemoteTestNG.java:77)
]]>
            </full-stacktrace>
          </exception> <!-- org.openqa.selenium.NoSuchElementException -->
          <reporter-output>
          </reporter-output>
        </test-method> <!-- verify_MoreTab -->
        <test-method status="PASS" signature="tearDownReport()[pri:0, instance:com.farmrise.test.FarmRise@3bb9a3ff]" name="tearDownReport" is-config="true" duration-ms="3" started-at="2019-01-28T07:30:14Z" finished-at="2019-01-28T07:30:14Z">
          <reporter-output>
          </reporter-output>
        </test-method> <!-- tearDownReport -->
        <test-method status="PASS" signature="afterMethod()[pri:0, instance:com.farmrise.test.FarmRise@3bb9a3ff]" name="afterMethod" is-config="true" duration-ms="0" started-at="2019-01-28T07:30:14Z" finished-at="2019-01-28T07:30:14Z">
          <reporter-output>
          </reporter-output>
        </test-method> <!-- afterMethod -->
        <test-method status="PASS" signature="tearDown()[pri:0, instance:com.farmrise.test.FarmRise@3bb9a3ff]" name="tearDown" is-config="true" duration-ms="0" started-at="2019-01-28T07:30:14Z" finished-at="2019-01-28T07:30:14Z">
          <reporter-output>
          </reporter-output>
        </test-method> <!-- tearDown -->
        <test-method status="PASS" signature="generateReport()[pri:0, instance:com.farmrise.test.FarmRise@3bb9a3ff]" name="generateReport" is-config="true" duration-ms="467" started-at="2019-01-28T07:30:14Z" finished-at="2019-01-28T07:30:14Z">
          <reporter-output>
          </reporter-output>
        </test-method> <!-- generateReport -->
      </class> <!-- com.farmrise.test.FarmRise -->
    </test> <!-- Default test -->
  </suite> <!-- Default suite -->
</testng-results>
